<?xml version="1.0" encoding="UTF-8"?>
<testsuite xmlns:xsi="http://www.w3.org/2001/XMLSchema-instance" xsi:noNamespaceSchemaLocation="https://maven.apache.org/surefire/maven-surefire-plugin/xsd/surefire-test-report.xsd" name="com.server.class.ServletTest" time="3.879" tests="3" errors="0" skipped="1" failures="2">
  <properties>
[...]
</properties>
  <testcase name="testListRequestWithConditions" classname="com.foo.bar.ServletTest" time="3.843">
    <failure message="expected:&lt;...2Response(isSuccess=[true, code=200, message=null, totalHits=51, globalTotalHits=5151" type="org.junit.ComparisonFailure"> <![CDATA[org.junit.ComparisonFailure: expected:<...2Response(isSuccess=[true, code=200, message=null, totalHits=51, globalTotalHits=5151>
	at com.foo.bar.ServletTest.testListRequestWithConditions(ServletTest.java:113)
	]]></failure>
	<system-out><![CDATA[23-04-2023 14:44:58,722 INFO [Version]: [main] [ ] HCANN000001: Hibernate Commons Annotations {4.0.1.Final}
23-04-2023 14:44:58,731 INFO [Version]: [main] [ ] HHH000412: Hibernate Core {4.1.3.Final}
23-04-2023 14:44:58,733 INFO [Environment]: [main] [ ] HHH000206: hibernate.properties not found
23-04-2023 14:44:58,735 INFO [Environment]: [main] [ ] HHH000021: Bytecode provider name : javassist
javax.persistence.PersistenceException: org.hibernate.exception.JDBCConnectionException: Could not open connection
	at org.hibernate.ejb.AbstractEntityManagerImpl.convert(AbstractEntityManagerImpl.java:1367) ~[hibernate-entitymanager-4.1.3.Final.jar:4.1.3.Final]
	at org.apache.maven.surefire.booter.ForkedBooter.execute(ForkedBooter.java:126) ~[surefire-booter-2.22.2.jar:2.22.2]
	at org.apache.maven.surefire.booter.ForkedBooter.main(ForkedBooter.java:418) ~[surefire-booter-2.22.2.jar:2.22.2]
Caused by: org.hibernate.exception.JDBCConnectionException: Could not open connection
	at org.hibernate.exception.internal.SQLStateConversionDelegate.convert(SQLStateConversionDelegate.java:131) ~[hibernate-core-4.1.3.Final.jar:4.1.3.Final]
	at org.hibernate.exception.internal.StandardSQLExceptionConverter.convert(StandardSQLExceptionConverter.java:49) ~[hibernate-core-4.1.3.Final.jar:4.1.3.Final]
Caused by: com.mysql.cj.jdbc.exceptions.CommunicationsException: Communications link failure
	at org.hibernate.internal.QueryImpl.list(QueryImpl.java:101) ~[hibernate-core-4.1.3.Final.jar:4.1.3.Final]
	at org.hibernate.ejb.QueryImpl.getResultList(QueryImpl.java:256) ~[hibernate-entitymanager-4.1.3.Final.jar:4.1.3.Final]
	... 30 more
Caused by: com.mysql.cj.exceptions.CJCommunicationsException: Communications link failure
	... 30 more
]]></system-out>
    <system-err><![CDATA[Loading class `com.mysql.jdbc.Driver'. This is deprecated. The new driver class is `com.mysql.cj.jdbc.Driver'. The driver is automatically registered via the SPI and manual loading of the driver class is generally unnecessary.
]]></system-err>
  </testcase>
  <testcase name="testListRequestWithConditions" classname="com.foo.bar.ServletTest" time="0.01">
    <failure message="expected:&lt;...2Response(isSuccess=[true, code=200, message=null, totalHits=264, globalTotalHits=8090" type="org.junit.ComparisonFailure"></failure>
    <system-out><![CDATA[23-04-2023 14:45:01,019 WARN [SqlExceptionHelper]: [main] [ ] SQL Error: 0, SQLState: 08S01
23-04-2023 14:45:01,019 ERROR [SqlExceptionHelper]: [main] [ ] Communications link failure

The last packet sent successfully to the server was 0 milliseconds ago. The driver has not received any packets from the server.
14:45:01.019 [main] ERROR com.foo.bar.handlers.RequestHandler - An error occurred while processing request
javax.persistence.PersistenceException: org.hibernate.exception.JDBCConnectionException: Could not open connection
	at org.hibernate.ejb.AbstractEntityManagerImpl.convert(AbstractEntityManagerImpl.java:1367) ~[hibernate-entitymanager-4.1.3.Final.jar:4.1.3.Final]
	at org.hibernate.internal.QueryImpl.list(QueryImpl.java:101) ~[hibernate-core-4.1.3.Final.jar:4.1.3.Final]
	at org.hibernate.ejb.QueryImpl.getResultList(QueryImpl.java:256) ~[hibernate-entitymanager-4.1.3.Final.jar:4.1.3.Final]
	... 30 more
Caused by: com.mysql.cj.jdbc.exceptions.CommunicationsException: Communications link failure

The last packet sent successfully to the server was 0 milliseconds ago. The driver has not received any packets from the server.
	at com.mysql.cj.jdbc.exceptions.SQLError.createCommunicationsException(SQLError.java:174) ~[mysql-connector-java-8.0.30.jar:8.0.30]
	at com.mysql.cj.jdbc.exceptions.SQLExceptionsMapping.translateException(SQLExceptionsMapping.java:64) ~[mysql-connector-java-8.0.30.jar:8.0.30]
	at com.mysql.cj.jdbc.ConnectionImpl.createNewIO(ConnectionImpl.java:828) ~[mysql-connector-java-8.0.30.jar:8.0.30]
	at com.mysql.cj.jdbc.ConnectionImpl.<init>(ConnectionImpl.java:448) ~[mysql-connector-java-8.0.30.jar:8.0.30]
	at com.mysql.cj.jdbc.ConnectionImpl.getInstance(ConnectionImpl.java:241) ~[mysql-connector-java-8.0.30.jar:8.0.30]
	at org.hibernate.ejb.QueryImpl.getResultList(QueryImpl.java:256) ~[hibernate-entitymanager-4.1.3.Final.jar:4.1.3.Final]
	... 30 more
]]></system-out>
  </testcase>
  <testcase name="testListRequestWithoutConditions" classname="com.foo.bar.ServletTest" time="0">
    <skipped/>
  </testcase>
</testsuite>
