<?xml version="1.0" encoding="utf-8"?><testsuites name="pytest tests"><testsuite name="pytest" errors="0" failures="0" skipped="0" tests="5" time="0.265" timestamp="2025-12-02T14:25:27.241615+02:00" hostname="MDN-FX9JQ4DNWM"><testcase classname="tests.api.routes.test_health" name="test_liveness" time="0.007" /><testcase classname="tests.api.routes.test_health" name="test_readiness" time="0.002" /><testcase classname="tests.api.routes.test_utils" name="test_post_request" time="0.005" /><testcase classname="tests.core.test_logger" name="test_formatter_get_level_color" time="0.001" /><testcase classname="tests.core.test_logger" name="test_formatter_format" time="0.000" /></testsuite></testsuites>
