TN:
SF:src/changedFiles.ts
FN:5,getChangedFiles
FNF:1
FNH:0
FNDA:0,getChangedFiles
DA:1,1
DA:2,1
DA:3,1
DA:4,1
DA:5,1
DA:6,0
DA:7,0
DA:8,0
DA:9,0
DA:10,0
LF:46
LH:5
BRF:0
BRH:0
end_of_record
TN:
SF:src/commentCoverage.ts
FN:5,commentCoverage
FN:77,buildBody
FN:88,buildTestsStatusMarkdown
FN:96,buildJunitMarkdown
FN:105,buildDiffCoverHtml
FN:144,getMissedWithRanges
FNF:6
FNH:0
FNDA:0,commentCoverage
FNDA:0,buildBody
FNDA:0,buildTestsStatusMarkdown
FNDA:0,buildJunitMarkdown
FNDA:0,buildDiffCoverHtml
FNDA:0,getMissedWithRanges
DA:1,1
DA:2,1
DA:3,1
DA:4,1
DA:5,1
DA:6,0
DA:7,0
DA:8,0
DA:9,0
DA:162,0
LF:162
LH:15
BRF:0
BRH:0
end_of_record
TN:
SF:src/diffCover.ts
FN:4,sum2
FN:8,diffCover
FNF:2
FNH:1
FNDA:1,sum2
FNDA:0,diffCover
DA:1,1
DA:2,1
DA:3,1
LF:68
LH:8
BRDA:4,0,0,1
BRF:1
BRH:1
end_of_record
TN:
SF:src/main.ts
FN:13,sum
FN:17,main
FNF:2
FNH:1
FNDA:2,sum
FNDA:0,main
DA:1,1
DA:2,1
DA:3,1
DA:27,0
DA:28,0
DA:29,0
DA:30,0
LF:30
LH:17
BRDA:13,0,0,2
BRF:1
BRH:1
end_of_record
TN:
SF:src/parsers/lcov.ts
FN:5,parseContent
FN:108,parseFile
FNF:2
FNH:0
FNDA:0,parseContent
FNDA:0,parseFile
DA:1,1
DA:2,1
DA:3,1
DA:4,1
DA:5,1
DA:6,0
DA:7,0
DA:124,0
DA:125,0
LF:125
LH:6
BRF:0
BRH:0
end_of_record
